{"level":"info","message":"ALFRED - Digital Assistant listening to http://[::]:3978","timestamp":"07 Jul 2017 20:08"}
{"level":"info","message":"Running daily scheduler","timestamp":"07 Jul 2017 20:09"}
{"level":"info","message":"Morning schedule: Main Hall light to be turned on at: 05:30","timestamp":"07 Jul 2017 20:09"}
{"level":"info","message":"Morning schedule: Lounge corner light to be turned on at: 05:30","timestamp":"07 Jul 2017 20:09"}
{"level":"info","message":"Morning schedule: Kitchen side light to be turned on at: 05:30","timestamp":"07 Jul 2017 20:09"}
{"level":"info","message":"Morning schedule: All lights off at: 08:30","timestamp":"07 Jul 2017 20:09"}
{"level":"info","message":"Evening schedule: All lights off at: 22:00","timestamp":"07 Jul 2017 20:09"}
{"level":"info","message":"Evening TV schedule: Living room light to be turned on at: 19:30","timestamp":"07 Jul 2017 20:09"}
{"level":"info","message":"Evening TV schedule: Play area light to be turned on at: 19:30","timestamp":"07 Jul 2017 20:09"}
{"level":"info","message":"Evening TV schedule: Lounge corner light to be turned on at: 19:30","timestamp":"07 Jul 2017 20:09"}
{"level":"info","message":"Evening schedule: Main Hall light to be turned on at: 20:30","timestamp":"07 Jul 2017 20:09"}
{"level":"info","message":"Evening schedule: Lounge corner light to be turned on at: 20:30","timestamp":"07 Jul 2017 20:09"}
{"level":"info","message":"ALFRED - Digital Assistant listening to http://[::]:3978","timestamp":"07 Jul 2017 20:09"}
{"level":"info","message":"Running daily scheduler","timestamp":"07 Jul 2017 20:10"}
{"level":"info","message":"Morning schedule: Main Hall light to be turned on at: 05:30","timestamp":"07 Jul 2017 20:10"}
{"level":"info","message":"Morning schedule: Lounge corner light to be turned on at: 05:30","timestamp":"07 Jul 2017 20:10"}
{"level":"info","message":"Morning schedule: Kitchen side light to be turned on at: 05:30","timestamp":"07 Jul 2017 20:10"}
{"level":"info","message":"Morning schedule: All lights off at: 08:30","timestamp":"07 Jul 2017 20:10"}
{"level":"info","message":"Evening schedule: All lights off at: 22:00","timestamp":"07 Jul 2017 20:10"}
{"level":"info","message":"Evening TV schedule: Living room light to be turned on at: 19:30","timestamp":"07 Jul 2017 20:10"}
{"level":"info","message":"Evening TV schedule: Play area light to be turned on at: 19:30","timestamp":"07 Jul 2017 20:10"}
{"level":"info","message":"Evening TV schedule: Lounge corner light to be turned on at: 19:30","timestamp":"07 Jul 2017 20:10"}
{"level":"info","message":"Evening schedule: Main Hall light to be turned on at: 20:30","timestamp":"07 Jul 2017 20:10"}
{"level":"info","message":"Evening schedule: Lounge corner light to be turned on at: 20:30","timestamp":"07 Jul 2017 20:10"}
{"level":"info","message":"Turned on light Lounge corner light","timestamp":"07 Jul 2017 20:30"}
{"level":"info","message":"Turned on light Main Hall light","timestamp":"07 Jul 2017 20:30"}
{"level":"info","message":"ALFRED - Digital Assistant listening to http://[::]:3978","timestamp":"08 Jul 2017 03:05"}
{"level":"info","message":"Running daily scheduler","timestamp":"08 Jul 2017 03:06"}
{"level":"info","message":"Morning schedule: Main Hall light to be turned on at: 05:30","timestamp":"08 Jul 2017 03:06"}
{"level":"info","message":"Morning schedule: Lounge corner light to be turned on at: 05:30","timestamp":"08 Jul 2017 03:06"}
{"level":"info","message":"Morning schedule: Kitchen side light to be turned on at: 05:30","timestamp":"08 Jul 2017 03:06"}
{"level":"info","message":"Morning schedule: All lights off at: 08:30","timestamp":"08 Jul 2017 03:06"}
{"level":"info","message":"Evening schedule: All lights off at: 22:00","timestamp":"08 Jul 2017 03:06"}
{"level":"info","message":"Evening TV schedule: Living room light to be turned on at: 19:30","timestamp":"08 Jul 2017 03:06"}
{"level":"info","message":"Evening TV schedule: Play area light to be turned on at: 19:30","timestamp":"08 Jul 2017 03:06"}
{"level":"info","message":"Evening TV schedule: Lounge corner light to be turned on at: 19:30","timestamp":"08 Jul 2017 03:06"}
{"level":"info","message":"Evening schedule: Main Hall light to be turned on at: 20:32","timestamp":"08 Jul 2017 03:06"}
{"level":"info","message":"Evening schedule: Lounge corner light to be turned on at: 20:32","timestamp":"08 Jul 2017 03:06"}
{"level":"info","message":"Turned on light Kitchen side light","timestamp":"08 Jul 2017 05:30"}
{"level":"info","message":"Turned on light Lounge corner light","timestamp":"08 Jul 2017 05:30"}
{"level":"info","message":"Turned on light Main Hall light","timestamp":"08 Jul 2017 05:30"}
{"level":"info","message":"ALFRED - Digital Assistant listening to http://[::]:3978","timestamp":"08 Jul 2017 07:09"}
{"level":"info","message":"Running daily scheduler","timestamp":"08 Jul 2017 07:11"}
{"level":"info","message":"Morning schedule: Main Hall light to be turned on at: 05:30","timestamp":"08 Jul 2017 07:11"}
{"level":"info","message":"Morning schedule: Lounge corner light to be turned on at: 05:30","timestamp":"08 Jul 2017 07:11"}
{"level":"info","message":"Morning schedule: Kitchen side light to be turned on at: 05:30","timestamp":"08 Jul 2017 07:11"}
{"level":"info","message":"Morning schedule: All lights off at: 08:30","timestamp":"08 Jul 2017 07:11"}
{"level":"info","message":"Evening schedule: All lights off at: 22:00","timestamp":"08 Jul 2017 07:11"}
{"level":"info","message":"Evening TV schedule: Living room light to be turned on at: 19:30","timestamp":"08 Jul 2017 07:11"}
{"level":"info","message":"Evening TV schedule: Play area light to be turned on at: 19:30","timestamp":"08 Jul 2017 07:11"}
{"level":"info","message":"Evening TV schedule: Lounge corner light to be turned on at: 19:30","timestamp":"08 Jul 2017 07:11"}
{"level":"info","message":"Evening schedule: Main Hall light to be turned on at: 20:32","timestamp":"08 Jul 2017 07:11"}
{"level":"info","message":"Evening schedule: Lounge corner light to be turned on at: 20:32","timestamp":"08 Jul 2017 07:11"}
{"level":"info","message":"Turned on light Lounge corner light","timestamp":"08 Jul 2017 19:30"}
{"level":"info","message":"Turned on light Lounge corner light","timestamp":"08 Jul 2017 19:30"}
{"level":"info","message":"Turned on light Play area light","timestamp":"08 Jul 2017 19:30"}
{"level":"info","message":"Turned on light Living room light","timestamp":"08 Jul 2017 19:30"}
{"level":"info","message":"Turned on light Lounge corner light","timestamp":"08 Jul 2017 20:32"}
{"level":"info","message":"Turned on light Main Hall light","timestamp":"08 Jul 2017 20:32"}
{"level":"info","message":"ALFRED - Digital Assistant listening to http://[::]:3978","timestamp":"09 Jul 2017 03:05"}
{"level":"info","message":"Running daily scheduler","timestamp":"09 Jul 2017 03:06"}
{"level":"info","message":"Morning schedule: Main Hall light to be turned on at: 05:30","timestamp":"09 Jul 2017 03:06"}
{"level":"info","message":"Morning schedule: Lounge corner light to be turned on at: 05:30","timestamp":"09 Jul 2017 03:06"}
{"level":"info","message":"Morning schedule: Kitchen side light to be turned on at: 05:30","timestamp":"09 Jul 2017 03:06"}
{"level":"info","message":"Morning schedule: All lights off at: 08:30","timestamp":"09 Jul 2017 03:06"}
{"level":"info","message":"Evening schedule: All lights off at: 22:00","timestamp":"09 Jul 2017 03:06"}
{"level":"info","message":"Evening TV schedule: Living room light to be turned on at: 19:30","timestamp":"09 Jul 2017 03:06"}
{"level":"info","message":"Evening TV schedule: Play area light to be turned on at: 19:30","timestamp":"09 Jul 2017 03:06"}
{"level":"info","message":"Evening TV schedule: Lounge corner light to be turned on at: 19:30","timestamp":"09 Jul 2017 03:06"}
{"level":"info","message":"Evening schedule: Main Hall light to be turned on at: 20:33","timestamp":"09 Jul 2017 03:06"}
{"level":"info","message":"Evening schedule: Lounge corner light to be turned on at: 20:33","timestamp":"09 Jul 2017 03:06"}
{"level":"info","message":"Turned on light Kitchen side light","timestamp":"09 Jul 2017 05:30"}
{"level":"info","message":"Turned on light Lounge corner light","timestamp":"09 Jul 2017 05:30"}
{"level":"info","message":"Turned on light Main Hall light","timestamp":"09 Jul 2017 05:30"}
{"level":"info","message":"Turned on light Lounge corner light","timestamp":"09 Jul 2017 19:30"}
{"level":"info","message":"Turned on light Play area light","timestamp":"09 Jul 2017 19:30"}
{"level":"info","message":"Turned on light Living room light","timestamp":"09 Jul 2017 19:30"}
{"level":"info","message":"Turned on light Lounge corner light","timestamp":"09 Jul 2017 20:33"}
{"level":"info","message":"Turned on light Main Hall light","timestamp":"09 Jul 2017 20:33"}
{"level":"info","message":"ALFRED - Digital Assistant listening to http://[::]:3978","timestamp":"10 Jul 2017 03:05"}
{"level":"info","message":"Running daily scheduler","timestamp":"10 Jul 2017 03:06"}
{"level":"info","message":"Morning schedule: Main Hall light to be turned on at: 05:30","timestamp":"10 Jul 2017 03:06"}
{"level":"info","message":"Morning schedule: Lounge corner light to be turned on at: 05:30","timestamp":"10 Jul 2017 03:06"}
{"level":"info","message":"Morning schedule: Kitchen side light to be turned on at: 05:30","timestamp":"10 Jul 2017 03:06"}
{"level":"info","message":"Morning schedule: All lights off at: 08:30","timestamp":"10 Jul 2017 03:06"}
{"level":"info","message":"Evening schedule: All lights off at: 22:00","timestamp":"10 Jul 2017 03:06"}
{"level":"info","message":"Evening TV schedule: Living room light to be turned on at: 19:30","timestamp":"10 Jul 2017 03:06"}
{"level":"info","message":"Evening TV schedule: Play area light to be turned on at: 19:30","timestamp":"10 Jul 2017 03:06"}
{"level":"info","message":"Evening TV schedule: Lounge corner light to be turned on at: 19:30","timestamp":"10 Jul 2017 03:06"}
{"level":"info","message":"Evening schedule: Main Hall light to be turned on at: 20:35","timestamp":"10 Jul 2017 03:06"}
{"level":"info","message":"Evening schedule: Lounge corner light to be turned on at: 20:35","timestamp":"10 Jul 2017 03:06"}
{"level":"info","message":"Turned on light Kitchen side light","timestamp":"10 Jul 2017 05:30"}
{"level":"info","message":"Turned on light Lounge corner light","timestamp":"10 Jul 2017 05:30"}
{"level":"info","message":"Turned on light Main Hall light","timestamp":"10 Jul 2017 05:30"}
{"level":"info","message":"Turned on light Lounge corner light","timestamp":"10 Jul 2017 19:30"}
{"level":"info","message":"Turned on light Play area light","timestamp":"10 Jul 2017 19:30"}
{"level":"info","message":"Turned on light Living room light","timestamp":"10 Jul 2017 19:30"}
{"level":"info","message":"Turned on light Lounge corner light","timestamp":"10 Jul 2017 20:35"}
{"level":"info","message":"Turned on light Main Hall light","timestamp":"10 Jul 2017 20:35"}
{"level":"info","message":"ALFRED - Digital Assistant listening to http://[::]:3978","timestamp":"11 Jul 2017 03:05"}
{"level":"info","message":"Running daily scheduler","timestamp":"11 Jul 2017 03:06"}
{"level":"info","message":"Morning schedule: Main Hall light to be turned on at: 05:30","timestamp":"11 Jul 2017 03:06"}
{"level":"info","message":"Morning schedule: Lounge corner light to be turned on at: 05:30","timestamp":"11 Jul 2017 03:06"}
{"level":"info","message":"Morning schedule: Kitchen side light to be turned on at: 05:30","timestamp":"11 Jul 2017 03:06"}
{"level":"info","message":"Morning schedule: All lights off at: 08:30","timestamp":"11 Jul 2017 03:06"}
{"level":"info","message":"Evening schedule: All lights off at: 22:00","timestamp":"11 Jul 2017 03:06"}
{"level":"info","message":"Evening TV schedule: Living room light to be turned on at: 19:30","timestamp":"11 Jul 2017 03:06"}
{"level":"info","message":"Evening TV schedule: Play area light to be turned on at: 19:30","timestamp":"11 Jul 2017 03:06"}
{"level":"info","message":"Evening TV schedule: Lounge corner light to be turned on at: 19:30","timestamp":"11 Jul 2017 03:06"}
{"level":"info","message":"Evening schedule: Main Hall light to be turned on at: 20:36","timestamp":"11 Jul 2017 03:06"}
{"level":"info","message":"Evening schedule: Lounge corner light to be turned on at: 20:36","timestamp":"11 Jul 2017 03:06"}
{"level":"info","message":"Turned on light Kitchen side light","timestamp":"11 Jul 2017 05:30"}
{"level":"info","message":"Turned on light Lounge corner light","timestamp":"11 Jul 2017 05:30"}
{"level":"info","message":"Turned on light Main Hall light","timestamp":"11 Jul 2017 05:30"}
{"level":"info","message":"Turned on light Lounge corner light","timestamp":"11 Jul 2017 19:30"}
{"level":"info","message":"Turned on light Play area light","timestamp":"11 Jul 2017 19:30"}
{"level":"info","message":"Turned on light Living room light","timestamp":"11 Jul 2017 19:30"}
{"level":"info","message":"ALFRED - Digital Assistant listening to http://[::]:3978","timestamp":"11 Jul 2017 19:54"}
{"level":"info","message":"Running daily scheduler","timestamp":"11 Jul 2017 19:55"}
{"level":"info","message":"Morning schedule: Main Hall light to be turned on at: 05:30","timestamp":"11 Jul 2017 19:55"}
{"level":"info","message":"Morning schedule: Lounge corner light to be turned on at: 05:30","timestamp":"11 Jul 2017 19:55"}
{"level":"info","message":"Morning schedule: Kitchen side light to be turned on at: 05:30","timestamp":"11 Jul 2017 19:55"}
{"level":"info","message":"Morning schedule: All lights off at: 08:30","timestamp":"11 Jul 2017 19:55"}
{"level":"info","message":"Evening schedule: All lights off at: 22:00","timestamp":"11 Jul 2017 19:55"}
{"level":"info","message":"Evening TV schedule: Living room light to be turned on at: 19:30","timestamp":"11 Jul 2017 19:55"}
{"level":"info","message":"Evening TV schedule: Play area light to be turned on at: 19:30","timestamp":"11 Jul 2017 19:55"}
{"level":"info","message":"Evening TV schedule: Lounge corner light to be turned on at: 19:30","timestamp":"11 Jul 2017 19:55"}
{"level":"info","message":"Evening schedule: Main Hall light to be turned on at: 20:36","timestamp":"11 Jul 2017 19:55"}
{"level":"info","message":"Evening schedule: Lounge corner light to be turned on at: 20:36","timestamp":"11 Jul 2017 19:55"}
{"level":"info","message":"Turned on light Lounge corner light","timestamp":"11 Jul 2017 20:36"}
{"level":"info","message":"Turned on light Main Hall light","timestamp":"11 Jul 2017 20:36"}
{"level":"info","message":"ALFRED - Digital Assistant listening to http://[::]:3978","timestamp":"12 Jul 2017 03:05"}
{"level":"info","message":"Running daily scheduler","timestamp":"12 Jul 2017 03:06"}
{"level":"info","message":"Morning schedule: Main Hall light to be turned on at: 05:30","timestamp":"12 Jul 2017 03:06"}
{"level":"info","message":"Morning schedule: Lounge corner light to be turned on at: 05:30","timestamp":"12 Jul 2017 03:06"}
{"level":"info","message":"Morning schedule: Kitchen side light to be turned on at: 05:30","timestamp":"12 Jul 2017 03:06"}
{"level":"info","message":"Morning schedule: All lights off at: 08:30","timestamp":"12 Jul 2017 03:06"}
{"level":"info","message":"Evening schedule: All lights off at: 22:00","timestamp":"12 Jul 2017 03:06"}
{"level":"info","message":"Evening TV schedule: Living room light to be turned on at: 19:30","timestamp":"12 Jul 2017 03:06"}
{"level":"info","message":"Evening TV schedule: Play area light to be turned on at: 19:30","timestamp":"12 Jul 2017 03:06"}
{"level":"info","message":"Evening TV schedule: Lounge corner light to be turned on at: 19:30","timestamp":"12 Jul 2017 03:06"}
{"level":"info","message":"Evening schedule: Main Hall light to be turned on at: 20:38","timestamp":"12 Jul 2017 03:06"}
{"level":"info","message":"Evening schedule: Lounge corner light to be turned on at: 20:38","timestamp":"12 Jul 2017 03:06"}
{"level":"info","message":"Turned on light Kitchen side light","timestamp":"12 Jul 2017 05:30"}
{"level":"info","message":"Turned on light Lounge corner light","timestamp":"12 Jul 2017 05:30"}
{"level":"info","message":"Turned on light Main Hall light","timestamp":"12 Jul 2017 05:30"}
{"level":"info","message":"Turned on light Lounge corner light","timestamp":"12 Jul 2017 19:30"}
{"level":"info","message":"Turned on light Play area light","timestamp":"12 Jul 2017 19:30"}
{"level":"info","message":"Turned on light Living room light","timestamp":"12 Jul 2017 19:30"}
{"level":"info","message":"Turned on light Lounge corner light","timestamp":"12 Jul 2017 20:38"}
{"level":"info","message":"Turned on light Main Hall light","timestamp":"12 Jul 2017 20:38"}
{"level":"info","message":"ALFRED - Digital Assistant listening to http://[::]:3978","timestamp":"13 Jul 2017 03:05"}
{"level":"info","message":"Running daily scheduler","timestamp":"13 Jul 2017 03:06"}
{"level":"info","message":"Morning schedule: Main Hall light to be turned on at: 05:30","timestamp":"13 Jul 2017 03:06"}
{"level":"info","message":"Morning schedule: Lounge corner light to be turned on at: 05:30","timestamp":"13 Jul 2017 03:06"}
{"level":"info","message":"Morning schedule: Kitchen side light to be turned on at: 05:30","timestamp":"13 Jul 2017 03:06"}
{"level":"info","message":"Morning schedule: All lights off at: 08:30","timestamp":"13 Jul 2017 03:06"}
{"level":"info","message":"Evening schedule: All lights off at: 22:00","timestamp":"13 Jul 2017 03:06"}
{"level":"info","message":"Evening TV schedule: Living room light to be turned on at: 19:30","timestamp":"13 Jul 2017 03:06"}
{"level":"info","message":"Evening TV schedule: Play area light to be turned on at: 19:30","timestamp":"13 Jul 2017 03:06"}
{"level":"info","message":"Evening TV schedule: Lounge corner light to be turned on at: 19:30","timestamp":"13 Jul 2017 03:06"}
{"level":"info","message":"Evening schedule: Main Hall light to be turned on at: 20:39","timestamp":"13 Jul 2017 03:06"}
{"level":"info","message":"Evening schedule: Lounge corner light to be turned on at: 20:39","timestamp":"13 Jul 2017 03:06"}
{"level":"info","message":"Turned on light Kitchen side light","timestamp":"13 Jul 2017 05:30"}
{"level":"info","message":"Turned on light Lounge corner light","timestamp":"13 Jul 2017 05:30"}
{"level":"info","message":"Turned on light Main Hall light","timestamp":"13 Jul 2017 05:30"}
{"level":"info","message":"Turned on light Lounge corner light","timestamp":"13 Jul 2017 19:30"}
{"level":"info","message":"Turned on light Play area light","timestamp":"13 Jul 2017 19:30"}
{"level":"info","message":"Turned on light Living room light","timestamp":"13 Jul 2017 19:30"}
{"level":"info","message":"Turned on light Lounge corner light","timestamp":"13 Jul 2017 20:39"}
{"level":"info","message":"Turned on light Main Hall light","timestamp":"13 Jul 2017 20:39"}
{"level":"info","message":"ALFRED - Digital Assistant listening to http://[::]:3978","timestamp":"14 Jul 2017 03:05"}
{"level":"info","message":"Running daily scheduler","timestamp":"14 Jul 2017 03:06"}
{"level":"info","message":"Morning schedule: Main Hall light to be turned on at: 05:30","timestamp":"14 Jul 2017 03:06"}
{"level":"info","message":"Morning schedule: Lounge corner light to be turned on at: 05:30","timestamp":"14 Jul 2017 03:06"}
{"level":"info","message":"Morning schedule: Kitchen side light to be turned on at: 05:30","timestamp":"14 Jul 2017 03:06"}
{"level":"info","message":"Morning schedule: All lights off at: 08:30","timestamp":"14 Jul 2017 03:06"}
{"level":"info","message":"Evening schedule: All lights off at: 22:00","timestamp":"14 Jul 2017 03:06"}
{"level":"info","message":"Evening TV schedule: Living room light to be turned on at: 19:30","timestamp":"14 Jul 2017 03:06"}
{"level":"info","message":"Evening TV schedule: Play area light to be turned on at: 19:30","timestamp":"14 Jul 2017 03:06"}
{"level":"info","message":"Evening TV schedule: Lounge corner light to be turned on at: 19:30","timestamp":"14 Jul 2017 03:06"}
{"level":"info","message":"Evening schedule: Main Hall light to be turned on at: 20:41","timestamp":"14 Jul 2017 03:06"}
{"level":"info","message":"Evening schedule: Lounge corner light to be turned on at: 20:41","timestamp":"14 Jul 2017 03:06"}
{"level":"info","message":"Turned on light Kitchen side light","timestamp":"14 Jul 2017 05:30"}
{"level":"info","message":"Turned on light Lounge corner light","timestamp":"14 Jul 2017 05:30"}
{"level":"info","message":"Turned on light Main Hall light","timestamp":"14 Jul 2017 05:30"}
{"level":"info","message":"Turned on light Lounge corner light","timestamp":"14 Jul 2017 19:30"}
{"level":"info","message":"Turned on light Play area light","timestamp":"14 Jul 2017 19:30"}
{"level":"info","message":"Turned on light Living room light","timestamp":"14 Jul 2017 19:30"}
{"level":"info","message":"Turned on light Lounge corner light","timestamp":"14 Jul 2017 20:41"}
{"level":"info","message":"Turned on light Main Hall light","timestamp":"14 Jul 2017 20:41"}
{"level":"info","message":"ALFRED - Digital Assistant listening to http://[::]:3978","timestamp":"14 Jul 2017 21:20"}
{"level":"info","message":"Running daily scheduler","timestamp":"14 Jul 2017 21:21"}
{"level":"info","message":"Morning schedule: Main Hall light to be turned on at: 05:30","timestamp":"14 Jul 2017 21:21"}
{"level":"info","message":"Morning schedule: Lounge corner light to be turned on at: 05:30","timestamp":"14 Jul 2017 21:21"}
{"level":"info","message":"Morning schedule: Kitchen side light to be turned on at: 05:30","timestamp":"14 Jul 2017 21:21"}
{"level":"info","message":"Morning schedule: All lights off at: 08:30","timestamp":"14 Jul 2017 21:21"}
{"level":"info","message":"Evening schedule: All lights off at: 22:00","timestamp":"14 Jul 2017 21:21"}
{"level":"info","message":"Evening TV schedule: Living room light to be turned on at: 19:30","timestamp":"14 Jul 2017 21:21"}
{"level":"info","message":"Evening TV schedule: Play area light to be turned on at: 19:30","timestamp":"14 Jul 2017 21:21"}
{"level":"info","message":"Evening TV schedule: Lounge corner light to be turned on at: 19:30","timestamp":"14 Jul 2017 21:21"}
{"level":"info","message":"Evening schedule: Main Hall light to be turned on at: 20:41","timestamp":"14 Jul 2017 21:21"}
{"level":"info","message":"Evening schedule: Lounge corner light to be turned on at: 20:41","timestamp":"14 Jul 2017 21:21"}
{"level":"info","message":"ALFRED - Digital Assistant listening to http://[::]:3978","timestamp":"15 Jul 2017 03:05"}
{"level":"info","message":"Running daily scheduler","timestamp":"15 Jul 2017 03:06"}
{"level":"info","message":"Morning schedule: Main Hall light to be turned on at: 05:30","timestamp":"15 Jul 2017 03:06"}
{"level":"info","message":"Morning schedule: Lounge corner light to be turned on at: 05:30","timestamp":"15 Jul 2017 03:06"}
{"level":"info","message":"Morning schedule: Kitchen side light to be turned on at: 05:30","timestamp":"15 Jul 2017 03:06"}
{"level":"info","message":"Morning schedule: All lights off at: 08:30","timestamp":"15 Jul 2017 03:06"}
{"level":"info","message":"Evening schedule: All lights off at: 22:00","timestamp":"15 Jul 2017 03:06"}
{"level":"info","message":"Evening TV schedule: Living room light to be turned on at: 19:30","timestamp":"15 Jul 2017 03:06"}
{"level":"info","message":"Evening TV schedule: Play area light to be turned on at: 19:30","timestamp":"15 Jul 2017 03:06"}
{"level":"info","message":"Evening TV schedule: Lounge corner light to be turned on at: 19:30","timestamp":"15 Jul 2017 03:06"}
{"level":"info","message":"Evening schedule: Main Hall light to be turned on at: 20:42","timestamp":"15 Jul 2017 03:06"}
{"level":"info","message":"Evening schedule: Lounge corner light to be turned on at: 20:42","timestamp":"15 Jul 2017 03:06"}
{"level":"info","message":"Turned on light Kitchen side light","timestamp":"15 Jul 2017 05:30"}
{"level":"info","message":"Turned on light Lounge corner light","timestamp":"15 Jul 2017 05:30"}
{"level":"info","message":"Turned on light Main Hall light","timestamp":"15 Jul 2017 05:30"}
{"level":"info","message":"ALFRED - Digital Assistant listening to http://[::]:3978","timestamp":"15 Jul 2017 17:12"}
{"level":"info","message":"Running daily scheduler","timestamp":"15 Jul 2017 17:13"}
{"level":"error","message":"listLights: TypeError: Cannot read property 'on_hr' of undefined","timestamp":"15 Jul 2017 17:13"}
{"level":"info","message":"ALFRED - Digital Assistant listening to http://[::]:3978","timestamp":"16 Jul 2017 03:05"}
{"level":"info","message":"Running daily scheduler","timestamp":"16 Jul 2017 03:06"}
{"level":"error","message":"listLights: TypeError: Cannot read property 'on_hr' of undefined","timestamp":"16 Jul 2017 03:06"}
{"level":"info","message":"ALFRED - Digital Assistant listening to http://[::]:3978","timestamp":"16 Jul 2017 19:34"}
{"level":"info","message":"Running daily scheduler","timestamp":"16 Jul 2017 19:35"}
{"level":"error","message":"listLights: TypeError: Cannot read property 'on_hr' of undefined","timestamp":"16 Jul 2017 19:35"}
{"level":"info","message":"List Lights API called","timestamp":"16 Jul 2017 20:16"}
{"level":"info","message":"ALFRED - Digital Assistant listening to http://[::]:3978","timestamp":"16 Jul 2017 20:32"}
{"level":"info","message":"Running daily scheduler","timestamp":"16 Jul 2017 20:33"}
{"level":"error","message":"listLights: TypeError: Cannot read property 'on_hr' of undefined","timestamp":"16 Jul 2017 20:33"}
{"level":"info","message":"ALFRED - Digital Assistant listening to http://[::]:3978","timestamp":"16 Jul 2017 20:35"}
{"level":"info","message":"Running daily scheduler","timestamp":"16 Jul 2017 20:36"}
{"level":"error","message":"listLights: TypeError: Cannot read property 'on_hr' of undefined","timestamp":"16 Jul 2017 20:36"}
{"level":"info","message":"ALFRED - Digital Assistant listening to http://[::]:3978","timestamp":"16 Jul 2017 20:37"}
{"level":"info","message":"Running daily scheduler","timestamp":"16 Jul 2017 20:38"}
{"level":"info","message":"Morning schedule: Main Hall light to be turned on at: 05:30","timestamp":"16 Jul 2017 20:38"}
{"level":"info","message":"Morning schedule: Lounge corner light to be turned on at: 05:30","timestamp":"16 Jul 2017 20:38"}
{"level":"info","message":"Morning schedule: Kitchen side light to be turned on at: 05:30","timestamp":"16 Jul 2017 20:38"}
{"level":"info","message":"Morning schedule: All lights off at: 08:30","timestamp":"16 Jul 2017 20:38"}
{"level":"info","message":"Evening schedule: All lights off at: 22:00","timestamp":"16 Jul 2017 20:38"}
{"level":"info","message":"Evening TV schedule: Living room light to be turned on at: 19:30","timestamp":"16 Jul 2017 20:38"}
{"level":"info","message":"Evening TV schedule: Play area light to be turned on at: 19:30","timestamp":"16 Jul 2017 20:38"}
{"level":"info","message":"Evening TV schedule: Lounge corner light to be turned on at: 19:30","timestamp":"16 Jul 2017 20:38"}
{"level":"info","message":"Evening schedule: Main Hall light to be turned on at: 20:43","timestamp":"16 Jul 2017 20:38"}
{"level":"info","message":"Evening schedule: Lounge corner light to be turned on at: 20:43","timestamp":"16 Jul 2017 20:38"}
{"level":"info","message":"Turned on light Lounge corner light","timestamp":"16 Jul 2017 20:43"}
{"level":"info","message":"Turned on light Main Hall light","timestamp":"16 Jul 2017 20:43"}
{"level":"info","message":"ALFRED - Digital Assistant listening to http://[::]:3978","timestamp":"17 Jul 2017 03:05"}
{"level":"info","message":"Running daily scheduler","timestamp":"17 Jul 2017 03:06"}
{"level":"info","message":"Morning schedule: Main Hall light to be turned on at: 05:30","timestamp":"17 Jul 2017 03:06"}
{"level":"info","message":"Morning schedule: Lounge corner light to be turned on at: 05:30","timestamp":"17 Jul 2017 03:06"}
{"level":"info","message":"Morning schedule: Kitchen side light to be turned on at: 05:30","timestamp":"17 Jul 2017 03:06"}
{"level":"info","message":"Morning schedule: All lights off at: 08:30","timestamp":"17 Jul 2017 03:06"}
{"level":"info","message":"Evening schedule: All lights off at: 22:00","timestamp":"17 Jul 2017 03:06"}
{"level":"info","message":"Evening TV schedule: Living room light to be turned on at: 19:30","timestamp":"17 Jul 2017 03:06"}
{"level":"info","message":"Evening TV schedule: Play area light to be turned on at: 19:30","timestamp":"17 Jul 2017 03:06"}
{"level":"info","message":"Evening TV schedule: Lounge corner light to be turned on at: 19:30","timestamp":"17 Jul 2017 03:06"}
{"level":"info","message":"Evening schedule: Main Hall light to be turned on at: 20:45","timestamp":"17 Jul 2017 03:06"}
{"level":"info","message":"Evening schedule: Lounge corner light to be turned on at: 20:45","timestamp":"17 Jul 2017 03:06"}
{"level":"info","message":"Turned on light Kitchen side light","timestamp":"17 Jul 2017 05:30"}
{"level":"info","message":"Turned on light Lounge corner light","timestamp":"17 Jul 2017 05:30"}
{"level":"info","message":"Turned on light Main Hall light","timestamp":"17 Jul 2017 05:30"}
{"level":"info","message":"Turned on light Lounge corner light","timestamp":"17 Jul 2017 19:30"}
{"level":"info","message":"Turned on light Play area light","timestamp":"17 Jul 2017 19:30"}
{"level":"info","message":"Turned on light Living room light","timestamp":"17 Jul 2017 19:30"}
{"level":"info","message":"Turned on light Lounge corner light","timestamp":"17 Jul 2017 20:45"}
{"level":"info","message":"Turned on light Main Hall light","timestamp":"17 Jul 2017 20:45"}
{"level":"info","message":"ALFRED - Digital Assistant listening to http://[::]:3978","timestamp":"18 Jul 2017 03:05"}
{"level":"info","message":"Running daily scheduler","timestamp":"18 Jul 2017 03:06"}
{"level":"info","message":"Morning schedule: Main Hall light to be turned on at: 05:30","timestamp":"18 Jul 2017 03:06"}
{"level":"info","message":"Morning schedule: Lounge corner light to be turned on at: 05:30","timestamp":"18 Jul 2017 03:06"}
{"level":"info","message":"Morning schedule: Kitchen side light to be turned on at: 05:30","timestamp":"18 Jul 2017 03:06"}
{"level":"info","message":"Morning schedule: All lights off at: 08:30","timestamp":"18 Jul 2017 03:06"}
{"level":"info","message":"Evening schedule: All lights off at: 22:00","timestamp":"18 Jul 2017 03:06"}
{"level":"info","message":"Evening TV schedule: Living room light to be turned on at: 19:30","timestamp":"18 Jul 2017 03:06"}
{"level":"info","message":"Evening TV schedule: Play area light to be turned on at: 19:30","timestamp":"18 Jul 2017 03:06"}
{"level":"info","message":"Evening TV schedule: Lounge corner light to be turned on at: 19:30","timestamp":"18 Jul 2017 03:06"}
{"level":"info","message":"Evening schedule: Main Hall light to be turned on at: 20:46","timestamp":"18 Jul 2017 03:06"}
{"level":"info","message":"Evening schedule: Lounge corner light to be turned on at: 20:46","timestamp":"18 Jul 2017 03:06"}
{"level":"info","message":"Turned on light Kitchen side light","timestamp":"18 Jul 2017 05:30"}
{"level":"info","message":"Turned on light Lounge corner light","timestamp":"18 Jul 2017 05:30"}
{"level":"info","message":"Turned on light Main Hall light","timestamp":"18 Jul 2017 05:30"}
{"level":"info","message":"Turned on light Lounge corner light","timestamp":"18 Jul 2017 19:30"}
{"level":"info","message":"Turned on light Play area light","timestamp":"18 Jul 2017 19:30"}
{"level":"info","message":"Turned on light Living room light","timestamp":"18 Jul 2017 19:30"}
{"level":"info","message":"Turned on light Lounge corner light","timestamp":"18 Jul 2017 20:46"}
{"level":"info","message":"Turned on light Main Hall light","timestamp":"18 Jul 2017 20:46"}
{"level":"info","message":"ALFRED - Digital Assistant listening to http://[::]:3978","timestamp":"19 Jul 2017 03:05"}
{"level":"info","message":"Running daily scheduler","timestamp":"19 Jul 2017 03:06"}
{"level":"info","message":"Morning schedule: Main Hall light to be turned on at: 05:30","timestamp":"19 Jul 2017 03:06"}
{"level":"info","message":"Morning schedule: Lounge corner light to be turned on at: 05:30","timestamp":"19 Jul 2017 03:06"}
{"level":"info","message":"Morning schedule: Kitchen side light to be turned on at: 05:30","timestamp":"19 Jul 2017 03:06"}
{"level":"info","message":"Morning schedule: All lights off at: 08:30","timestamp":"19 Jul 2017 03:06"}
{"level":"info","message":"Evening schedule: All lights off at: 22:00","timestamp":"19 Jul 2017 03:06"}
{"level":"info","message":"Evening TV schedule: Living room light to be turned on at: 19:30","timestamp":"19 Jul 2017 03:06"}
{"level":"info","message":"Evening TV schedule: Play area light to be turned on at: 19:30","timestamp":"19 Jul 2017 03:06"}
{"level":"info","message":"Evening TV schedule: Lounge corner light to be turned on at: 19:30","timestamp":"19 Jul 2017 03:06"}
{"level":"info","message":"Evening schedule: Main Hall light to be turned on at: 20:48","timestamp":"19 Jul 2017 03:06"}
{"level":"info","message":"Evening schedule: Lounge corner light to be turned on at: 20:48","timestamp":"19 Jul 2017 03:06"}
{"level":"info","message":"Turned on light Kitchen side light","timestamp":"19 Jul 2017 05:30"}
{"level":"info","message":"Turned on light Lounge corner light","timestamp":"19 Jul 2017 05:30"}
{"level":"info","message":"Turned on light Main Hall light","timestamp":"19 Jul 2017 05:30"}
{"level":"info","message":"Turned on light Lounge corner light","timestamp":"19 Jul 2017 19:30"}
{"level":"info","message":"Turned on light Play area light","timestamp":"19 Jul 2017 19:30"}
{"level":"info","message":"Turned on light Living room light","timestamp":"19 Jul 2017 19:30"}
{"level":"info","message":"Turned on light Lounge corner light","timestamp":"19 Jul 2017 20:48"}
{"level":"info","message":"Turned on light Main Hall light","timestamp":"19 Jul 2017 20:48"}
{"level":"info","message":"ALFRED - Digital Assistant listening to http://[::]:3978","timestamp":"20 Jul 2017 03:05"}
{"level":"info","message":"Running daily scheduler","timestamp":"20 Jul 2017 03:06"}
{"level":"info","message":"Morning schedule: Main Hall light to be turned on at: 05:30","timestamp":"20 Jul 2017 03:06"}
{"level":"info","message":"Morning schedule: Lounge corner light to be turned on at: 05:30","timestamp":"20 Jul 2017 03:06"}
{"level":"info","message":"Morning schedule: Kitchen side light to be turned on at: 05:30","timestamp":"20 Jul 2017 03:06"}
{"level":"info","message":"Morning schedule: All lights off at: 08:30","timestamp":"20 Jul 2017 03:06"}
{"level":"info","message":"Evening schedule: All lights off at: 22:00","timestamp":"20 Jul 2017 03:06"}
{"level":"info","message":"Evening TV schedule: Living room light to be turned on at: 19:30","timestamp":"20 Jul 2017 03:06"}
{"level":"info","message":"Evening TV schedule: Play area light to be turned on at: 19:30","timestamp":"20 Jul 2017 03:06"}
{"level":"info","message":"Evening TV schedule: Lounge corner light to be turned on at: 19:30","timestamp":"20 Jul 2017 03:06"}
{"level":"info","message":"Evening schedule: Main Hall light to be turned on at: 20:49","timestamp":"20 Jul 2017 03:06"}
{"level":"info","message":"Evening schedule: Lounge corner light to be turned on at: 20:49","timestamp":"20 Jul 2017 03:06"}
{"level":"info","message":"Turned on light Kitchen side light","timestamp":"20 Jul 2017 05:30"}
{"level":"info","message":"Turned on light Lounge corner light","timestamp":"20 Jul 2017 05:30"}
{"level":"info","message":"Turned on light Main Hall light","timestamp":"20 Jul 2017 05:30"}
{"level":"info","message":"Turned on light Lounge corner light","timestamp":"20 Jul 2017 19:30"}
{"level":"info","message":"Turned on light Play area light","timestamp":"20 Jul 2017 19:30"}
{"level":"info","message":"Turned on light Living room light","timestamp":"20 Jul 2017 19:30"}
{"level":"info","message":"Turned on light Lounge corner light","timestamp":"20 Jul 2017 20:49"}
{"level":"info","message":"Turned on light Main Hall light","timestamp":"20 Jul 2017 20:49"}
{"level":"info","message":"ALFRED - Digital Assistant listening to http://[::]:3978","timestamp":"21 Jul 2017 03:05"}
{"level":"info","message":"Running daily scheduler","timestamp":"21 Jul 2017 03:06"}
{"level":"info","message":"Morning schedule: Main Hall light to be turned on at: 05:30","timestamp":"21 Jul 2017 03:06"}
{"level":"info","message":"Morning schedule: Lounge corner light to be turned on at: 05:30","timestamp":"21 Jul 2017 03:06"}
{"level":"info","message":"Morning schedule: Kitchen side light to be turned on at: 05:30","timestamp":"21 Jul 2017 03:06"}
{"level":"info","message":"Morning schedule: All lights off at: 08:30","timestamp":"21 Jul 2017 03:06"}
{"level":"info","message":"Evening schedule: All lights off at: 22:00","timestamp":"21 Jul 2017 03:06"}
{"level":"info","message":"Evening TV schedule: Living room light to be turned on at: 19:30","timestamp":"21 Jul 2017 03:06"}
{"level":"info","message":"Evening TV schedule: Play area light to be turned on at: 19:30","timestamp":"21 Jul 2017 03:06"}
{"level":"info","message":"Evening TV schedule: Lounge corner light to be turned on at: 19:30","timestamp":"21 Jul 2017 03:06"}
{"level":"info","message":"Evening schedule: Main Hall light to be turned on at: 20:51","timestamp":"21 Jul 2017 03:06"}
{"level":"info","message":"Evening schedule: Lounge corner light to be turned on at: 20:51","timestamp":"21 Jul 2017 03:06"}
{"level":"info","message":"Turned on light Kitchen side light","timestamp":"21 Jul 2017 05:30"}
{"level":"info","message":"Turned on light Lounge corner light","timestamp":"21 Jul 2017 05:30"}
{"level":"info","message":"Turned on light Main Hall light","timestamp":"21 Jul 2017 05:30"}
{"level":"info","message":"Turned on light Lounge corner light","timestamp":"21 Jul 2017 19:30"}
{"level":"info","message":"Turned on light Play area light","timestamp":"21 Jul 2017 19:30"}
{"level":"info","message":"Turned on light Living room light","timestamp":"21 Jul 2017 19:30"}
{"level":"info","message":"Turned on light Lounge corner light","timestamp":"21 Jul 2017 20:51"}
{"level":"info","message":"Turned on light Main Hall light","timestamp":"21 Jul 2017 20:51"}
{"level":"info","message":"ALFRED - Digital Assistant listening to http://[::]:3978","timestamp":"22 Jul 2017 03:05"}
{"level":"info","message":"Running daily scheduler","timestamp":"22 Jul 2017 03:06"}
{"level":"info","message":"Morning schedule: Main Hall light to be turned on at: 05:30","timestamp":"22 Jul 2017 03:06"}
{"level":"info","message":"Morning schedule: Lounge corner light to be turned on at: 05:30","timestamp":"22 Jul 2017 03:06"}
{"level":"info","message":"Morning schedule: Kitchen side light to be turned on at: 05:30","timestamp":"22 Jul 2017 03:06"}
{"level":"info","message":"Morning schedule: All lights off at: 08:30","timestamp":"22 Jul 2017 03:06"}
{"level":"info","message":"Evening schedule: All lights off at: 22:00","timestamp":"22 Jul 2017 03:06"}
{"level":"info","message":"Evening TV schedule: Living room light to be turned on at: 19:30","timestamp":"22 Jul 2017 03:06"}
{"level":"info","message":"Evening TV schedule: Play area light to be turned on at: 19:30","timestamp":"22 Jul 2017 03:06"}
{"level":"info","message":"Evening TV schedule: Lounge corner light to be turned on at: 19:30","timestamp":"22 Jul 2017 03:06"}
{"level":"info","message":"Evening schedule: Main Hall light to be turned on at: 20:52","timestamp":"22 Jul 2017 03:06"}
{"level":"info","message":"Evening schedule: Lounge corner light to be turned on at: 20:52","timestamp":"22 Jul 2017 03:06"}
{"level":"info","message":"Turned on light Kitchen side light","timestamp":"22 Jul 2017 05:30"}
{"level":"info","message":"Turned on light Lounge corner light","timestamp":"22 Jul 2017 05:30"}
{"level":"info","message":"Turned on light Main Hall light","timestamp":"22 Jul 2017 05:30"}
{"level":"info","message":"ALFRED - Digital Assistant listening to http://[::]:3978","timestamp":"22 Jul 2017 19:10"}
{"level":"info","message":"Running daily scheduler","timestamp":"22 Jul 2017 19:11"}
{"level":"info","message":"Morning schedule: Main Hall light to be turned on at: 05:30","timestamp":"22 Jul 2017 19:11"}
{"level":"info","message":"Morning schedule: Lounge corner light to be turned on at: 05:30","timestamp":"22 Jul 2017 19:11"}
{"level":"info","message":"Morning schedule: Kitchen side light to be turned on at: 05:30","timestamp":"22 Jul 2017 19:11"}
{"level":"info","message":"Morning schedule: All lights off at: 08:30","timestamp":"22 Jul 2017 19:11"}
{"level":"info","message":"Evening schedule: All lights off at: 22:00","timestamp":"22 Jul 2017 19:11"}
{"level":"info","message":"Evening TV schedule: Living room light to be turned on at: 19:30","timestamp":"22 Jul 2017 19:11"}
{"level":"info","message":"Evening TV schedule: Play area light to be turned on at: 19:30","timestamp":"22 Jul 2017 19:11"}
{"level":"info","message":"Evening TV schedule: Lounge corner light to be turned on at: 19:30","timestamp":"22 Jul 2017 19:11"}
{"level":"info","message":"Evening schedule: Main Hall light to be turned on at: 20:52","timestamp":"22 Jul 2017 19:11"}
{"level":"info","message":"Evening schedule: Lounge corner light to be turned on at: 20:52","timestamp":"22 Jul 2017 19:11"}
{"level":"info","message":"Ping API called","timestamp":"22 Jul 2017 19:12"}
{"level":"info","message":"View settings API called","timestamp":"22 Jul 2017 19:12"}
{"level":"info","message":"Turned on light Lounge corner light","timestamp":"22 Jul 2017 19:30"}
{"level":"info","message":"Turned on light Play area light","timestamp":"22 Jul 2017 19:30"}
{"level":"info","message":"Turned on light Living room light","timestamp":"22 Jul 2017 19:30"}
{"level":"info","message":"Ping API called","timestamp":"22 Jul 2017 19:42"}
{"level":"info","message":"View settings API called","timestamp":"22 Jul 2017 19:42"}
{"level":"info","message":"Turned on light Lounge corner light","timestamp":"22 Jul 2017 20:52"}
{"level":"info","message":"Turned on light Main Hall light","timestamp":"22 Jul 2017 20:52"}
{"level":"info","message":"ALFRED - Digital Assistant listening to http://[::]:3978","timestamp":"23 Jul 2017 03:05"}
{"level":"info","message":"Running daily scheduler","timestamp":"23 Jul 2017 03:06"}
{"level":"info","message":"Morning schedule: Main Hall light to be turned on at: 05:30","timestamp":"23 Jul 2017 03:06"}
{"level":"info","message":"Morning schedule: Lounge corner light to be turned on at: 05:30","timestamp":"23 Jul 2017 03:06"}
{"level":"info","message":"Morning schedule: Kitchen side light to be turned on at: 05:30","timestamp":"23 Jul 2017 03:06"}
{"level":"info","message":"Morning schedule: All lights off at: 08:30","timestamp":"23 Jul 2017 03:06"}
{"level":"info","message":"Evening schedule: All lights off at: 22:00","timestamp":"23 Jul 2017 03:06"}
{"level":"info","message":"Evening TV schedule: Living room light to be turned on at: 19:30","timestamp":"23 Jul 2017 03:06"}
{"level":"info","message":"Evening TV schedule: Play area light to be turned on at: 19:30","timestamp":"23 Jul 2017 03:06"}
{"level":"info","message":"Evening TV schedule: Lounge corner light to be turned on at: 19:30","timestamp":"23 Jul 2017 03:06"}
{"level":"info","message":"Evening schedule: Main Hall light to be turned on at: 20:54","timestamp":"23 Jul 2017 03:06"}
{"level":"info","message":"Evening schedule: Lounge corner light to be turned on at: 20:54","timestamp":"23 Jul 2017 03:06"}
{"level":"info","message":"Turned on light Kitchen side light","timestamp":"23 Jul 2017 05:30"}
{"level":"info","message":"Turned on light Lounge corner light","timestamp":"23 Jul 2017 05:30"}
{"level":"info","message":"Turned on light Main Hall light","timestamp":"23 Jul 2017 05:30"}
{"level":"info","message":"ALFRED - Digital Assistant listening to http://[::]:3978","timestamp":"23 Jul 2017 06:04"}
{"level":"info","message":"Running daily scheduler","timestamp":"23 Jul 2017 06:05"}
{"level":"info","message":"Morning schedule: Main Hall light to be turned on at: 05:30","timestamp":"23 Jul 2017 06:05"}
{"level":"info","message":"Morning schedule: Lounge corner light to be turned on at: 05:30","timestamp":"23 Jul 2017 06:05"}
{"level":"info","message":"Morning schedule: Kitchen side light to be turned on at: 05:30","timestamp":"23 Jul 2017 06:05"}
{"level":"info","message":"Morning schedule: All lights off at: 08:30","timestamp":"23 Jul 2017 06:05"}
{"level":"info","message":"Evening schedule: All lights off at: 22:00","timestamp":"23 Jul 2017 06:05"}
{"level":"info","message":"Evening TV schedule: Living room light to be turned on at: 19:30","timestamp":"23 Jul 2017 06:05"}
{"level":"info","message":"Evening TV schedule: Play area light to be turned on at: 19:30","timestamp":"23 Jul 2017 06:05"}
{"level":"info","message":"Evening TV schedule: Lounge corner light to be turned on at: 19:30","timestamp":"23 Jul 2017 06:05"}
{"level":"info","message":"Evening schedule: Main Hall light to be turned on at: 20:54","timestamp":"23 Jul 2017 06:05"}
{"level":"info","message":"Evening schedule: Lounge corner light to be turned on at: 20:54","timestamp":"23 Jul 2017 06:05"}
{"level":"info","message":"Ping API called","timestamp":"23 Jul 2017 06:14"}
{"level":"info","message":"View settings API called","timestamp":"23 Jul 2017 06:14"}
{"level":"info","message":"Ping API called","timestamp":"23 Jul 2017 06:24"}
{"level":"info","message":"View settings API called","timestamp":"23 Jul 2017 06:24"}
{"level":"info","message":"Ping API called","timestamp":"23 Jul 2017 06:42"}
{"level":"info","message":"View settings API called","timestamp":"23 Jul 2017 06:42"}
{"level":"info","message":"Ping API called","timestamp":"23 Jul 2017 06:47"}
{"level":"info","message":"View settings API called","timestamp":"23 Jul 2017 06:47"}
{"level":"info","message":"Ping API called","timestamp":"23 Jul 2017 06:49"}
{"level":"info","message":"View settings API called","timestamp":"23 Jul 2017 06:50"}
{"level":"info","message":"Ping API called","timestamp":"23 Jul 2017 06:54"}
{"level":"info","message":"View settings API called","timestamp":"23 Jul 2017 06:54"}
{"level":"info","message":"Ping API called","timestamp":"23 Jul 2017 07:05"}
{"level":"info","message":"View settings API called","timestamp":"23 Jul 2017 07:05"}
{"level":"info","message":"View settings API called","timestamp":"23 Jul 2017 07:08"}
{"level":"info","message":"Ping API called","timestamp":"23 Jul 2017 07:11"}
{"level":"info","message":"View settings API called","timestamp":"23 Jul 2017 07:11"}
{"level":"info","message":"ALFRED - Digital Assistant listening to http://[::]:3978","timestamp":"23 Jul 2017 07:31"}
{"level":"info","message":"Running daily scheduler","timestamp":"23 Jul 2017 07:32"}
{"level":"info","message":"Morning schedule: Main Hall light to be turned on at: 05:30","timestamp":"23 Jul 2017 07:32"}
{"level":"info","message":"Morning schedule: Lounge corner light to be turned on at: 05:30","timestamp":"23 Jul 2017 07:32"}
{"level":"info","message":"Morning schedule: Kitchen side light to be turned on at: 05:30","timestamp":"23 Jul 2017 07:32"}
{"level":"info","message":"Morning schedule: All lights off at: 08:30","timestamp":"23 Jul 2017 07:32"}
{"level":"info","message":"Evening schedule: All lights off at: 22:00","timestamp":"23 Jul 2017 07:32"}
{"level":"info","message":"Evening TV schedule: Living room light to be turned on at: 19:30","timestamp":"23 Jul 2017 07:32"}
{"level":"info","message":"Evening TV schedule: Play area light to be turned on at: 19:30","timestamp":"23 Jul 2017 07:32"}
{"level":"info","message":"Evening TV schedule: Lounge corner light to be turned on at: 19:30","timestamp":"23 Jul 2017 07:32"}
{"level":"info","message":"Evening schedule: Main Hall light to be turned on at: 20:54","timestamp":"23 Jul 2017 07:32"}
{"level":"info","message":"Evening schedule: Lounge corner light to be turned on at: 20:54","timestamp":"23 Jul 2017 07:32"}
{"level":"info","message":"Ping API called","timestamp":"23 Jul 2017 07:33"}
{"level":"info","message":"View settings API called","timestamp":"23 Jul 2017 07:33"}
{"level":"info","message":"Save evening settings API called","timestamp":"23 Jul 2017 07:33"}
{"level":"info","message":"Display Log API called","timestamp":"23 Jul 2017 07:33"}
{"level":"info","message":"Display Log API called","timestamp":"23 Jul 2017 07:33"}
{"level":"info","message":"View settings API called","timestamp":"23 Jul 2017 07:33"}
{"level":"info","message":"Display Log API called","timestamp":"23 Jul 2017 07:33"}
{"level":"info","message":"Display Log API called","timestamp":"23 Jul 2017 07:33"}
{"level":"info","message":"Display Log API called","timestamp":"23 Jul 2017 07:33"}
{"level":"info","message":"View settings API called","timestamp":"23 Jul 2017 07:34"}
{"level":"info","message":"Display Log API called","timestamp":"23 Jul 2017 07:34"}
{"level":"info","message":"Display Log API called","timestamp":"23 Jul 2017 07:34"}
{"level":"info","message":"Ping API called","timestamp":"23 Jul 2017 07:34"}
{"level":"info","message":"View settings API called","timestamp":"23 Jul 2017 07:34"}
{"level":"info","message":"Ping API called","timestamp":"23 Jul 2017 16:16"}
{"level":"info","message":"Ping API called","timestamp":"23 Jul 2017 16:23"}
{"level":"info","message":"Display Log API called","timestamp":"23 Jul 2017 16:23"}
{"level":"info","message":"Ping API called","timestamp":"23 Jul 2017 16:23"}
{"level":"info","message":"View settings API called","timestamp":"23 Jul 2017 16:23"}
